0 info it worked if it ends with ok
1 verbose cli [ '/usr/bin/nodejs', '/usr/bin/npm', 'run', 'serve' ]
2 info using npm@4.0.2
3 info using node@v6.9.1
4 verbose run-script [ 'preserve', 'serve', 'postserve' ]
5 info lifecycle angular-2-starter@0.1.0~preserve: angular-2-starter@0.1.0
6 silly lifecycle angular-2-starter@0.1.0~preserve: no script for preserve, continuing
7 info lifecycle angular-2-starter@0.1.0~serve: angular-2-starter@0.1.0
8 verbose lifecycle angular-2-starter@0.1.0~serve: unsafe-perm in lifecycle true
9 verbose lifecycle angular-2-starter@0.1.0~serve: PATH: /usr/lib/node_modules/npm/bin/node-gyp-bin:/var/www/html/angular-2-samples/angular+webpack/node_modules/.bin:/usr/local/sbin:/usr/local/bin:/usr/sbin:/usr/bin:/sbin:/bin:/usr/games:/usr/local/games
10 verbose lifecycle angular-2-starter@0.1.0~serve: CWD: /var/www/html/angular-2-samples/angular+webpack
11 silly lifecycle angular-2-starter@0.1.0~serve: Args: [ '-c', 'webpack-dev-serve --inline --progress' ]
12 info lifecycle angular-2-starter@0.1.0~serve: Failed to exec serve script
13 verbose stack Error: angular-2-starter@0.1.0 serve: `webpack-dev-serve --inline --progress`
13 verbose stack spawn ENOENT
13 verbose stack     at ChildProcess.<anonymous> (/usr/lib/node_modules/npm/lib/utils/spawn.js:33:16)
13 verbose stack     at emitTwo (events.js:106:13)
13 verbose stack     at ChildProcess.emit (events.js:191:7)
13 verbose stack     at maybeClose (internal/child_process.js:877:16)
13 verbose stack     at Process.ChildProcess._handle.onexit (internal/child_process.js:226:5)
14 verbose pkgid angular-2-starter@0.1.0
15 verbose cwd /var/www/html/angular-2-samples/angular+webpack
16 error Linux 4.4.0-47-generic
17 error argv "/usr/bin/nodejs" "/usr/bin/npm" "run" "serve"
18 error node v6.9.1
19 error npm  v4.0.2
20 error file sh
21 error code ELIFECYCLE
22 error errno ENOENT
23 error syscall spawn
24 error angular-2-starter@0.1.0 serve: `webpack-dev-serve --inline --progress`
24 error spawn ENOENT
25 error Failed at the angular-2-starter@0.1.0 serve script 'webpack-dev-serve --inline --progress'.
25 error Make sure you have the latest version of node.js and npm installed.
25 error If you do, this is most likely a problem with the angular-2-starter package,
25 error not with npm itself.
25 error Tell the author that this fails on your system:
25 error     webpack-dev-serve --inline --progress
25 error You can get information on how to open an issue for this project with:
25 error     npm bugs angular-2-starter
25 error Or if that isn't available, you can get their info via:
25 error     npm owner ls angular-2-starter
25 error There is likely additional logging output above.
26 verbose exit [ 1, true ]
